<?xml version="1.0" encoding="UTF-8"?>
<testng-results skipped="0" failed="0" total="1" passed="1">
  <reporter-output>
  </reporter-output>
  <suite name="Default suite" duration-ms="21" started-at="2015-02-17T13:51:39Z" finished-at="2015-02-17T13:51:39Z">
    <groups>
    </groups>
    <test name="Default test" duration-ms="21" started-at="2015-02-17T13:51:39Z" finished-at="2015-02-17T13:51:39Z">
      <class name="testng.webdriver.RealDeviceTest">
        <test-method status="PASS" signature="methodname()[pri:0, instance:testng.webdriver.RealDeviceTest@277e07ae]" name="methodname" duration-ms="9" started-at="2015-02-17T14:51:39Z" finished-at="2015-02-17T14:51:39Z">
          <reporter-output>
          </reporter-output>
        </test-method> <!-- methodname -->
      </class> <!-- testng.webdriver.RealDeviceTest -->
    </test> <!-- Default test -->
  </suite> <!-- Default suite -->
</testng-results>
